TN:
SF:App.tsx
FN:7,App
FNF:1
FNH:1
FNDA:1,App
DA:8,1
LF:1
LH:1
BRF:0
BRH:0
end_of_record
TN:
SF:.jest/helper/AllProviders.tsx
FN:5,(anonymous_0)
FNF:1
FNH:1
FNDA:45,(anonymous_0)
DA:5,5
DA:6,45
LF:2
LH:2
BRF:0
BRH:0
end_of_record
TN:
SF:.jest/helper/testUtils.ts
FN:9,customRender
FNF:1
FNH:1
FNDA:29,customRender
DA:10,29
LF:1
LH:1
BRF:0
BRH:0
end_of_record
TN:
SF:app/api/index.ts
FN:3,(anonymous_0)
FN:6,(anonymous_1)
FN:8,(anonymous_2)
FN:11,(anonymous_3)
FNF:4
FNH:0
FNDA:0,(anonymous_0)
FNDA:0,(anonymous_1)
FNDA:0,(anonymous_2)
FNDA:0,(anonymous_3)
DA:3,3
DA:6,0
DA:7,0
DA:9,0
DA:11,0
LF:5
LH:1
BRF:0
BRH:0
end_of_record
TN:
SF:app/auth/Login.tsx
FN:6,(anonymous_0)
FN:14,(anonymous_1)
FNF:2
FNH:2
FNDA:7,(anonymous_0)
FNDA:2,(anonymous_1)
DA:6,2
DA:7,7
DA:9,7
DA:15,2
DA:30,2
LF:5
LH:5
BRF:0
BRH:0
end_of_record
TN:
SF:app/navigation/index.tsx
FN:12,(anonymous_0)
FN:13,(anonymous_1)
FNF:2
FNH:2
FNDA:10,(anonymous_0)
FNDA:22,(anonymous_1)
DA:11,2
DA:12,2
DA:13,22
DA:15,10
LF:4
LH:4
BRDA:18,0,0,3
BRDA:18,0,1,7
BRF:2
BRH:2
end_of_record
TN:
SF:app/store/index.tsx
FNF:0
FNH:0
DA:6,6
DA:14,6
DA:15,6
LF:3
LH:3
BRF:0
BRH:0
end_of_record
TN:
SF:app/store/userSlice.ts
FN:21,(anonymous_0)
FN:24,(anonymous_1)
FN:27,(anonymous_2)
FN:32,(anonymous_3)
FNF:4
FNH:4
FNDA:9,(anonymous_0)
FNDA:6,(anonymous_1)
FNDA:4,(anonymous_2)
FNDA:32,(anonymous_3)
DA:11,6
DA:17,6
DA:22,9
DA:25,6
DA:31,4
DA:32,4
DA:33,32
DA:34,4
DA:39,28
DA:42,4
DA:47,6
LF:11
LH:11
BRDA:33,0,0,4
BRDA:33,0,1,28
BRF:2
BRH:2
end_of_record
TN:
SF:app/tabs/Home.tsx
FN:7,(anonymous_0)
FN:16,(anonymous_1)
FN:20,(anonymous_2)
FN:25,(anonymous_3)
FNF:4
FNH:2
FNDA:3,(anonymous_0)
FNDA:0,(anonymous_1)
FNDA:0,(anonymous_2)
FNDA:1,(anonymous_3)
DA:7,2
DA:8,3
DA:9,3
DA:11,3
DA:16,0
DA:20,0
DA:26,1
DA:41,2
LF:8
LH:6
BRF:0
BRH:0
end_of_record
TN:
SF:app/tabs/menuEdit/MenuEditItem.tsx
FN:11,(anonymous_0)
FN:21,MenuEditItem
FN:27,(anonymous_2)
FN:28,(anonymous_3)
FN:31,(anonymous_4)
FNF:5
FNH:5
FNDA:54,(anonymous_0)
FNDA:62,MenuEditItem
FNDA:190,(anonymous_2)
FNDA:776,(anonymous_3)
FNDA:4,(anonymous_4)
DA:11,3
DA:12,54
DA:22,62
DA:23,62
DA:26,62
DA:27,62
DA:28,776
DA:31,62
DA:32,4
DA:35,62
DA:36,8
DA:39,54
DA:49,3
LF:13
LH:13
BRDA:14,0,0,40
BRDA:14,0,1,14
BRDA:16,1,0,40
BRDA:16,1,1,14
BRDA:22,2,0,62
BRDA:22,2,1,0
BRDA:35,3,0,8
BRDA:35,3,1,54
BRF:8
BRH:7
end_of_record
TN:
SF:app/tabs/menuEdit/helper.ts
FN:1,(anonymous_0)
FNF:1
FNH:0
FNDA:0,(anonymous_0)
DA:1,1
DA:2,0
LF:2
LH:1
BRF:0
BRH:0
end_of_record
TN:
SF:app/tabs/menuEdit/index.tsx
FN:19,MenuEdit
FN:24,(anonymous_1)
FN:26,(anonymous_2)
FN:34,(anonymous_3)
FNF:4
FNH:4
FNDA:6,MenuEdit
FNDA:96,(anonymous_1)
FNDA:6,(anonymous_2)
FNDA:48,(anonymous_3)
DA:23,6
DA:24,96
DA:26,6
DA:27,6
DA:30,6
DA:31,6
DA:35,48
DA:44,0
LF:8
LH:7
BRDA:20,0,0,0
BRDA:30,1,0,6
BRDA:30,1,1,0
BRDA:30,2,0,6
BRDA:30,2,1,6
BRF:5
BRH:3
end_of_record
TN:
SF:app/tabs/phoneBook/PhoneBookList.tsx
FN:23,(anonymous_0)
FN:33,(anonymous_1)
FN:37,(anonymous_2)
FN:39,(anonymous_3)
FN:59,(anonymous_4)
FNF:5
FNH:5
FNDA:95,(anonymous_0)
FNDA:25,(anonymous_1)
FNDA:52,(anonymous_2)
FNDA:24,(anonymous_3)
FNDA:68,(anonymous_4)
DA:23,4
DA:30,95
DA:31,95
DA:33,95
DA:34,25
DA:37,95
DA:38,52
DA:39,52
DA:40,52
DA:43,95
DA:60,68
LF:11
LH:11
BRDA:24,0,0,50
BRDA:25,1,0,87
BRDA:50,2,0,95
BRDA:50,2,1,9
BRDA:51,3,0,95
BRDA:51,3,1,40
BRDA:51,3,2,59
BRDA:51,3,3,53
BRDA:52,4,0,95
BRDA:52,4,1,86
BRDA:67,5,0,2
BRDA:67,5,1,84
BRF:12
BRH:12
end_of_record
TN:
SF:app/tabs/phoneBook/index.tsx
FN:5,PhoneBook
FN:9,(anonymous_1)
FN:10,(anonymous_2)
FN:13,(anonymous_3)
FN:16,(anonymous_4)
FN:17,(anonymous_5)
FNF:6
FNH:6
FNDA:5,PhoneBook
FNDA:2,(anonymous_1)
FNDA:2,(anonymous_2)
FNDA:1,(anonymous_3)
FNDA:1,(anonymous_4)
FNDA:2,(anonymous_5)
DA:6,5
DA:7,5
DA:9,5
DA:10,2
DA:11,2
DA:12,2
DA:14,1
DA:18,2
DA:22,2
DA:25,5
LF:10
LH:10
BRF:0
BRH:0
end_of_record
TN:
SF:app/tabs/todos/index.tsx
FN:5,TodoList
FN:8,(anonymous_1)
FN:9,(anonymous_2)
FN:22,(anonymous_3)
FN:24,(anonymous_4)
FNF:5
FNH:5
FNDA:2,TodoList
FNDA:1,(anonymous_1)
FNDA:1,(anonymous_2)
FNDA:1,(anonymous_3)
FNDA:1,(anonymous_4)
DA:6,2
DA:8,2
DA:9,1
DA:10,1
DA:11,1
DA:12,1
DA:16,1
DA:19,2
DA:23,1
DA:25,1
LF:10
LH:10
BRDA:11,0,0,1
BRDA:11,0,1,0
BRF:2
BRH:1
end_of_record
TN:
SF:app/tabs/todos/service.ts
FN:8,(anonymous_0)
FN:9,(anonymous_1)
FN:11,(anonymous_2)
FN:12,(anonymous_3)
FN:13,(anonymous_4)
FN:17,(anonymous_5)
FNF:6
FNH:0
FNDA:0,(anonymous_0)
FNDA:0,(anonymous_1)
FNDA:0,(anonymous_2)
FNDA:0,(anonymous_3)
FNDA:0,(anonymous_4)
FNDA:0,(anonymous_5)
DA:8,1
DA:9,0
DA:10,0
DA:11,0
DA:12,0
DA:13,0
DA:17,1
DA:18,0
DA:20,0
LF:9
LH:2
BRF:0
BRH:0
end_of_record
