<?xml version="1.0" encoding="UTF-8"?>
<coverage generated="1726575453691" clover="3.2.0">
  <project timestamp="1726575453691" name="All files">
    <metrics statements="103" coveredstatements="88" conditionals="31" coveredconditionals="27" methods="51" coveredmethods="38" elements="185" coveredelements="153" complexity="0" loc="103" ncloc="103" packages="10" files="16" classes="16"/>
    <package name="TestingBoilerplate">
      <metrics statements="1" coveredstatements="1" conditionals="0" coveredconditionals="0" methods="1" coveredmethods="1"/>
      <file name="App.tsx" path="/Users/guvenkaranfil/Desktop/guvenkaranfil/TestingBoilerplate/App.tsx">
        <metrics statements="1" coveredstatements="1" conditionals="0" coveredconditionals="0" methods="1" coveredmethods="1"/>
        <line num="8" count="1" type="stmt"/>
      </file>
    </package>
    <package name="TestingBoilerplate..jest.helper">
      <metrics statements="3" coveredstatements="3" conditionals="0" coveredconditionals="0" methods="2" coveredmethods="2"/>
      <file name="AllProviders.tsx" path="/Users/guvenkaranfil/Desktop/guvenkaranfil/TestingBoilerplate/.jest/helper/AllProviders.tsx">
        <metrics statements="2" coveredstatements="2" conditionals="0" coveredconditionals="0" methods="1" coveredmethods="1"/>
        <line num="5" count="5" type="stmt"/>
        <line num="6" count="45" type="stmt"/>
      </file>
      <file name="testUtils.ts" path="/Users/guvenkaranfil/Desktop/guvenkaranfil/TestingBoilerplate/.jest/helper/testUtils.ts">
        <metrics statements="1" coveredstatements="1" conditionals="0" coveredconditionals="0" methods="1" coveredmethods="1"/>
        <line num="10" count="29" type="stmt"/>
      </file>
    </package>
    <package name="TestingBoilerplate.app.api">
      <metrics statements="5" coveredstatements="1" conditionals="0" coveredconditionals="0" methods="4" coveredmethods="0"/>
      <file name="index.ts" path="/Users/guvenkaranfil/Desktop/guvenkaranfil/TestingBoilerplate/app/api/index.ts">
        <metrics statements="5" coveredstatements="1" conditionals="0" coveredconditionals="0" methods="4" coveredmethods="0"/>
        <line num="3" count="3" type="stmt"/>
        <line num="6" count="0" type="stmt"/>
        <line num="7" count="0" type="stmt"/>
        <line num="9" count="0" type="stmt"/>
        <line num="11" count="0" type="stmt"/>
      </file>
    </package>
    <package name="TestingBoilerplate.app.auth">
      <metrics statements="5" coveredstatements="5" conditionals="0" coveredconditionals="0" methods="2" coveredmethods="2"/>
      <file name="Login.tsx" path="/Users/guvenkaranfil/Desktop/guvenkaranfil/TestingBoilerplate/app/auth/Login.tsx">
        <metrics statements="5" coveredstatements="5" conditionals="0" coveredconditionals="0" methods="2" coveredmethods="2"/>
        <line num="6" count="2" type="stmt"/>
        <line num="7" count="7" type="stmt"/>
        <line num="9" count="7" type="stmt"/>
        <line num="15" count="2" type="stmt"/>
        <line num="30" count="2" type="stmt"/>
      </file>
    </package>
    <package name="TestingBoilerplate.app.navigation">
      <metrics statements="4" coveredstatements="4" conditionals="2" coveredconditionals="2" methods="2" coveredmethods="2"/>
      <file name="index.tsx" path="/Users/guvenkaranfil/Desktop/guvenkaranfil/TestingBoilerplate/app/navigation/index.tsx">
        <metrics statements="4" coveredstatements="4" conditionals="2" coveredconditionals="2" methods="2" coveredmethods="2"/>
        <line num="11" count="2" type="stmt"/>
        <line num="12" count="2" type="stmt"/>
        <line num="13" count="22" type="stmt"/>
        <line num="15" count="10" type="stmt"/>
      </file>
    </package>
    <package name="TestingBoilerplate.app.store">
      <metrics statements="14" coveredstatements="14" conditionals="2" coveredconditionals="2" methods="4" coveredmethods="4"/>
      <file name="index.tsx" path="/Users/guvenkaranfil/Desktop/guvenkaranfil/TestingBoilerplate/app/store/index.tsx">
        <metrics statements="3" coveredstatements="3" conditionals="0" coveredconditionals="0" methods="0" coveredmethods="0"/>
        <line num="6" count="6" type="stmt"/>
        <line num="14" count="6" type="stmt"/>
        <line num="15" count="6" type="stmt"/>
      </file>
      <file name="userSlice.ts" path="/Users/guvenkaranfil/Desktop/guvenkaranfil/TestingBoilerplate/app/store/userSlice.ts">
        <metrics statements="11" coveredstatements="11" conditionals="2" coveredconditionals="2" methods="4" coveredmethods="4"/>
        <line num="11" count="6" type="stmt"/>
        <line num="17" count="6" type="stmt"/>
        <line num="22" count="9" type="stmt"/>
        <line num="25" count="6" type="stmt"/>
        <line num="31" count="4" type="stmt"/>
        <line num="32" count="4" type="stmt"/>
        <line num="33" count="32" type="cond" truecount="2" falsecount="0"/>
        <line num="34" count="4" type="stmt"/>
        <line num="39" count="28" type="stmt"/>
        <line num="42" count="4" type="stmt"/>
        <line num="47" count="6" type="stmt"/>
      </file>
    </package>
    <package name="TestingBoilerplate.app.tabs">
      <metrics statements="8" coveredstatements="6" conditionals="0" coveredconditionals="0" methods="4" coveredmethods="2"/>
      <file name="Home.tsx" path="/Users/guvenkaranfil/Desktop/guvenkaranfil/TestingBoilerplate/app/tabs/Home.tsx">
        <metrics statements="8" coveredstatements="6" conditionals="0" coveredconditionals="0" methods="4" coveredmethods="2"/>
        <line num="7" count="2" type="stmt"/>
        <line num="8" count="3" type="stmt"/>
        <line num="9" count="3" type="stmt"/>
        <line num="11" count="3" type="stmt"/>
        <line num="16" count="0" type="stmt"/>
        <line num="20" count="0" type="stmt"/>
        <line num="26" count="1" type="stmt"/>
        <line num="41" count="2" type="stmt"/>
      </file>
    </package>
    <package name="TestingBoilerplate.app.tabs.menuEdit">
      <metrics statements="23" coveredstatements="21" conditionals="13" coveredconditionals="10" methods="10" coveredmethods="9"/>
      <file name="MenuEditItem.tsx" path="/Users/guvenkaranfil/Desktop/guvenkaranfil/TestingBoilerplate/app/tabs/menuEdit/MenuEditItem.tsx">
        <metrics statements="13" coveredstatements="13" conditionals="8" coveredconditionals="7" methods="5" coveredmethods="5"/>
        <line num="11" count="3" type="stmt"/>
        <line num="12" count="54" type="stmt"/>
        <line num="22" count="62" type="cond" truecount="1" falsecount="1"/>
        <line num="23" count="62" type="stmt"/>
        <line num="26" count="62" type="stmt"/>
        <line num="27" count="62" type="stmt"/>
        <line num="28" count="776" type="stmt"/>
        <line num="31" count="62" type="stmt"/>
        <line num="32" count="4" type="stmt"/>
        <line num="35" count="62" type="cond" truecount="2" falsecount="0"/>
        <line num="36" count="8" type="stmt"/>
        <line num="39" count="54" type="stmt"/>
        <line num="49" count="3" type="stmt"/>
      </file>
      <file name="helper.ts" path="/Users/guvenkaranfil/Desktop/guvenkaranfil/TestingBoilerplate/app/tabs/menuEdit/helper.ts">
        <metrics statements="2" coveredstatements="1" conditionals="0" coveredconditionals="0" methods="1" coveredmethods="0"/>
        <line num="1" count="1" type="stmt"/>
        <line num="2" count="0" type="stmt"/>
      </file>
      <file name="index.tsx" path="/Users/guvenkaranfil/Desktop/guvenkaranfil/TestingBoilerplate/app/tabs/menuEdit/index.tsx">
        <metrics statements="8" coveredstatements="7" conditionals="5" coveredconditionals="3" methods="4" coveredmethods="4"/>
        <line num="23" count="6" type="stmt"/>
        <line num="24" count="96" type="stmt"/>
        <line num="26" count="6" type="stmt"/>
        <line num="27" count="6" type="stmt"/>
        <line num="30" count="6" type="cond" truecount="3" falsecount="1"/>
        <line num="31" count="6" type="stmt"/>
        <line num="35" count="48" type="stmt"/>
        <line num="44" count="0" type="stmt"/>
      </file>
    </package>
    <package name="TestingBoilerplate.app.tabs.phoneBook">
      <metrics statements="21" coveredstatements="21" conditionals="12" coveredconditionals="12" methods="11" coveredmethods="11"/>
      <file name="PhoneBookList.tsx" path="/Users/guvenkaranfil/Desktop/guvenkaranfil/TestingBoilerplate/app/tabs/phoneBook/PhoneBookList.tsx">
        <metrics statements="11" coveredstatements="11" conditionals="12" coveredconditionals="12" methods="5" coveredmethods="5"/>
        <line num="23" count="4" type="stmt"/>
        <line num="30" count="95" type="stmt"/>
        <line num="31" count="95" type="stmt"/>
        <line num="33" count="95" type="stmt"/>
        <line num="34" count="25" type="stmt"/>
        <line num="37" count="95" type="stmt"/>
        <line num="38" count="52" type="stmt"/>
        <line num="39" count="52" type="stmt"/>
        <line num="40" count="52" type="stmt"/>
        <line num="43" count="95" type="stmt"/>
        <line num="60" count="68" type="stmt"/>
      </file>
      <file name="index.tsx" path="/Users/guvenkaranfil/Desktop/guvenkaranfil/TestingBoilerplate/app/tabs/phoneBook/index.tsx">
        <metrics statements="10" coveredstatements="10" conditionals="0" coveredconditionals="0" methods="6" coveredmethods="6"/>
        <line num="6" count="5" type="stmt"/>
        <line num="7" count="5" type="stmt"/>
        <line num="9" count="5" type="stmt"/>
        <line num="10" count="2" type="stmt"/>
        <line num="11" count="2" type="stmt"/>
        <line num="12" count="2" type="stmt"/>
        <line num="14" count="1" type="stmt"/>
        <line num="18" count="2" type="stmt"/>
        <line num="22" count="2" type="stmt"/>
        <line num="25" count="5" type="stmt"/>
      </file>
    </package>
    <package name="TestingBoilerplate.app.tabs.todos">
      <metrics statements="19" coveredstatements="12" conditionals="2" coveredconditionals="1" methods="11" coveredmethods="5"/>
      <file name="index.tsx" path="/Users/guvenkaranfil/Desktop/guvenkaranfil/TestingBoilerplate/app/tabs/todos/index.tsx">
        <metrics statements="10" coveredstatements="10" conditionals="2" coveredconditionals="1" methods="5" coveredmethods="5"/>
        <line num="6" count="2" type="stmt"/>
        <line num="8" count="2" type="stmt"/>
        <line num="9" count="1" type="stmt"/>
        <line num="10" count="1" type="stmt"/>
        <line num="11" count="1" type="cond" truecount="1" falsecount="1"/>
        <line num="12" count="1" type="stmt"/>
        <line num="16" count="1" type="stmt"/>
        <line num="19" count="2" type="stmt"/>
        <line num="23" count="1" type="stmt"/>
        <line num="25" count="1" type="stmt"/>
      </file>
      <file name="service.ts" path="/Users/guvenkaranfil/Desktop/guvenkaranfil/TestingBoilerplate/app/tabs/todos/service.ts">
        <metrics statements="9" coveredstatements="2" conditionals="0" coveredconditionals="0" methods="6" coveredmethods="0"/>
        <line num="8" count="1" type="stmt"/>
        <line num="9" count="0" type="stmt"/>
        <line num="10" count="0" type="stmt"/>
        <line num="11" count="0" type="stmt"/>
        <line num="12" count="0" type="stmt"/>
        <line num="13" count="0" type="stmt"/>
        <line num="17" count="1" type="stmt"/>
        <line num="18" count="0" type="stmt"/>
        <line num="20" count="0" type="stmt"/>
      </file>
    </package>
  </project>
</coverage>
