{"/Users/guvenkaranfil/Desktop/guvenkaranfil/TestingBoilerplate/App.tsx": {"path":"/Users/guvenkaranfil/Desktop/guvenkaranfil/TestingBoilerplate/App.tsx","statementMap":{"0":{"start":{"line":8,"column":2},"end":{"line":12,"column":4}}},"fnMap":{"0":{"name":"App","decl":{"start":{"line":7,"column":24},"end":{"line":7,"column":27}},"loc":{"start":{"line":7,"column":30},"end":{"line":13,"column":1}},"line":7}},"branchMap":{},"s":{"0":1},"f":{"0":1},"b":{},"_coverageSchema":"1a1c01bbd47fc00a2c39e90264f33305004495a9","hash":"49fa8afaee2abd0b4ef539c52fb117be8b91bc7f"}
,"/Users/guvenkaranfil/Desktop/guvenkaranfil/TestingBoilerplate/.jest/helper/AllProviders.tsx": {"path":"/Users/guvenkaranfil/Desktop/guvenkaranfil/TestingBoilerplate/.jest/helper/AllProviders.tsx","statementMap":{"0":{"start":{"line":5,"column":21},"end":{"line":7,"column":1}},"1":{"start":{"line":6,"column":2},"end":{"line":6,"column":55}}},"fnMap":{"0":{"name":"(anonymous_0)","decl":{"start":{"line":5,"column":21},"end":{"line":5,"column":22}},"loc":{"start":{"line":5,"column":37},"end":{"line":7,"column":1}},"line":5}},"branchMap":{},"s":{"0":5,"1":45},"f":{"0":45},"b":{},"_coverageSchema":"1a1c01bbd47fc00a2c39e90264f33305004495a9","hash":"1e8985f3041e65dd41cd15c8f26be12bd00d556e"}
,"/Users/guvenkaranfil/Desktop/guvenkaranfil/TestingBoilerplate/.jest/helper/testUtils.ts": {"path":"/Users/guvenkaranfil/Desktop/guvenkaranfil/TestingBoilerplate/.jest/helper/testUtils.ts","statementMap":{"0":{"start":{"line":10,"column":2},"end":{"line":10,"column":60}}},"fnMap":{"0":{"name":"customRender","decl":{"start":{"line":9,"column":9},"end":{"line":9,"column":21}},"loc":{"start":{"line":9,"column":71},"end":{"line":11,"column":1}},"line":9}},"branchMap":{},"s":{"0":29},"f":{"0":29},"b":{},"_coverageSchema":"1a1c01bbd47fc00a2c39e90264f33305004495a9","hash":"76bf48a4ca5e4a4fc2c631567d5c67fd1bb0d677"}
,"/Users/guvenkaranfil/Desktop/guvenkaranfil/TestingBoilerplate/app/api/index.ts": {"path":"/Users/guvenkaranfil/Desktop/guvenkaranfil/TestingBoilerplate/app/api/index.ts","statementMap":{"0":{"start":{"line":3,"column":23},"end":{"line":14,"column":1}},"1":{"start":{"line":6,"column":2},"end":{"line":13,"column":5}},"2":{"start":{"line":7,"column":4},"end":{"line":12,"column":21}},"3":{"start":{"line":9,"column":8},"end":{"line":9,"column":26}},"4":{"start":{"line":11,"column":20},"end":{"line":11,"column":46}}},"fnMap":{"0":{"name":"(anonymous_0)","decl":{"start":{"line":3,"column":23},"end":{"line":3,"column":24}},"loc":{"start":{"line":5,"column":5},"end":{"line":14,"column":1}},"line":5},"1":{"name":"(anonymous_1)","decl":{"start":{"line":6,"column":21},"end":{"line":6,"column":22}},"loc":{"start":{"line":6,"column":42},"end":{"line":13,"column":3}},"line":6},"2":{"name":"(anonymous_2)","decl":{"start":{"line":8,"column":12},"end":{"line":8,"column":13}},"loc":{"start":{"line":8,"column":19},"end":{"line":10,"column":7}},"line":8},"3":{"name":"(anonymous_3)","decl":{"start":{"line":11,"column":12},"end":{"line":11,"column":13}},"loc":{"start":{"line":11,"column":20},"end":{"line":11,"column":46}},"line":11}},"branchMap":{},"s":{"0":3,"1":0,"2":0,"3":0,"4":0},"f":{"0":0,"1":0,"2":0,"3":0},"b":{},"_coverageSchema":"1a1c01bbd47fc00a2c39e90264f33305004495a9","hash":"906a2aac31a4ee62172089e0417e0a59e0a05961"}
,"/Users/guvenkaranfil/Desktop/guvenkaranfil/TestingBoilerplate/app/auth/Login.tsx": {"path":"/Users/guvenkaranfil/Desktop/guvenkaranfil/TestingBoilerplate/app/auth/Login.tsx","statementMap":{"0":{"start":{"line":6,"column":14},"end":{"line":26,"column":1}},"1":{"start":{"line":7,"column":19},"end":{"line":7,"column":35}},"2":{"start":{"line":9,"column":2},"end":{"line":25,"column":4}},"3":{"start":{"line":15,"column":10},"end":{"line":21,"column":12}},"4":{"start":{"line":30,"column":15},"end":{"line":36,"column":2}}},"fnMap":{"0":{"name":"(anonymous_0)","decl":{"start":{"line":6,"column":14},"end":{"line":6,"column":15}},"loc":{"start":{"line":6,"column":20},"end":{"line":26,"column":1}},"line":6},"1":{"name":"(anonymous_1)","decl":{"start":{"line":14,"column":17},"end":{"line":14,"column":18}},"loc":{"start":{"line":14,"column":23},"end":{"line":22,"column":9}},"line":14}},"branchMap":{},"s":{"0":2,"1":7,"2":7,"3":2,"4":2},"f":{"0":7,"1":2},"b":{},"_coverageSchema":"1a1c01bbd47fc00a2c39e90264f33305004495a9","hash":"031d7dbaada894320b6f2a46f0db2fcd424f083f"}
,"/Users/guvenkaranfil/Desktop/guvenkaranfil/TestingBoilerplate/app/navigation/index.tsx": {"path":"/Users/guvenkaranfil/Desktop/guvenkaranfil/TestingBoilerplate/app/navigation/index.tsx","statementMap":{"0":{"start":{"line":11,"column":14},"end":{"line":11,"column":42}},"1":{"start":{"line":12,"column":19},"end":{"line":30,"column":1}},"2":{"start":{"line":13,"column":21},"end":{"line":13,"column":62}},"3":{"start":{"line":13,"column":45},"end":{"line":13,"column":61}},"4":{"start":{"line":15,"column":2},"end":{"line":29,"column":4}}},"fnMap":{"0":{"name":"(anonymous_0)","decl":{"start":{"line":12,"column":19},"end":{"line":12,"column":20}},"loc":{"start":{"line":12,"column":25},"end":{"line":30,"column":1}},"line":12},"1":{"name":"(anonymous_1)","decl":{"start":{"line":13,"column":36},"end":{"line":13,"column":37}},"loc":{"start":{"line":13,"column":45},"end":{"line":13,"column":61}},"line":13}},"branchMap":{"0":{"loc":{"start":{"line":18,"column":9},"end":{"line":26,"column":9}},"type":"cond-expr","locations":[{"start":{"line":19,"column":10},"end":{"line":23,"column":13}},{"start":{"line":25,"column":10},"end":{"line":25,"column":59}}],"line":18}},"s":{"0":2,"1":2,"2":10,"3":22,"4":10},"f":{"0":10,"1":22},"b":{"0":[3,7]},"_coverageSchema":"1a1c01bbd47fc00a2c39e90264f33305004495a9","hash":"ae9f66ac902df9657c4a9b113487dfc9075f4e47"}
,"/Users/guvenkaranfil/Desktop/guvenkaranfil/TestingBoilerplate/app/store/index.tsx": {"path":"/Users/guvenkaranfil/Desktop/guvenkaranfil/TestingBoilerplate/app/store/index.tsx","statementMap":{"0":{"start":{"line":6,"column":14},"end":{"line":10,"column":2}},"1":{"start":{"line":14,"column":49},"end":{"line":14,"column":60}},"2":{"start":{"line":15,"column":63},"end":{"line":15,"column":74}}},"fnMap":{},"branchMap":{},"s":{"0":6,"1":6,"2":6},"f":{},"b":{},"_coverageSchema":"1a1c01bbd47fc00a2c39e90264f33305004495a9","hash":"c65a5030fe34edb6b8ab8e0eada1fafba0a853c0"}
,"/Users/guvenkaranfil/Desktop/guvenkaranfil/TestingBoilerplate/app/store/userSlice.ts": {"path":"/Users/guvenkaranfil/Desktop/guvenkaranfil/TestingBoilerplate/app/store/userSlice.ts","statementMap":{"0":{"start":{"line":11,"column":35},"end":{"line":15,"column":1}},"1":{"start":{"line":17,"column":25},"end":{"line":45,"column":2}},"2":{"start":{"line":22,"column":6},"end":{"line":22,"column":43}},"3":{"start":{"line":25,"column":6},"end":{"line":25,"column":47}},"4":{"start":{"line":31,"column":27},"end":{"line":31,"column":41}},"5":{"start":{"line":32,"column":27},"end":{"line":40,"column":8}},"6":{"start":{"line":33,"column":8},"end":{"line":38,"column":9}},"7":{"start":{"line":34,"column":10},"end":{"line":37,"column":12}},"8":{"start":{"line":39,"column":8},"end":{"line":39,"column":20}},"9":{"start":{"line":42,"column":6},"end":{"line":42,"column":45}},"10":{"start":{"line":47,"column":50},"end":{"line":47,"column":67}}},"fnMap":{"0":{"name":"(anonymous_0)","decl":{"start":{"line":21,"column":13},"end":{"line":21,"column":14}},"loc":{"start":{"line":21,"column":54},"end":{"line":23,"column":5}},"line":21},"1":{"name":"(anonymous_1)","decl":{"start":{"line":24,"column":14},"end":{"line":24,"column":15}},"loc":{"start":{"line":24,"column":61},"end":{"line":26,"column":5}},"line":24},"2":{"name":"(anonymous_2)","decl":{"start":{"line":27,"column":19},"end":{"line":27,"column":20}},"loc":{"start":{"line":30,"column":9},"end":{"line":43,"column":5}},"line":30},"3":{"name":"(anonymous_3)","decl":{"start":{"line":32,"column":44},"end":{"line":32,"column":45}},"loc":{"start":{"line":32,"column":52},"end":{"line":40,"column":7}},"line":32}},"branchMap":{"0":{"loc":{"start":{"line":33,"column":8},"end":{"line":38,"column":9}},"type":"if","locations":[{"start":{"line":33,"column":8},"end":{"line":38,"column":9}},{"start":{},"end":{}}],"line":33}},"s":{"0":6,"1":6,"2":9,"3":6,"4":4,"5":4,"6":32,"7":4,"8":28,"9":4,"10":6},"f":{"0":9,"1":6,"2":4,"3":32},"b":{"0":[4,28]},"_coverageSchema":"1a1c01bbd47fc00a2c39e90264f33305004495a9","hash":"27de7c213a820774887fd15875ded98d913b1f9d"}
,"/Users/guvenkaranfil/Desktop/guvenkaranfil/TestingBoilerplate/app/tabs/Home.tsx": {"path":"/Users/guvenkaranfil/Desktop/guvenkaranfil/TestingBoilerplate/app/tabs/Home.tsx","statementMap":{"0":{"start":{"line":7,"column":13},"end":{"line":37,"column":1}},"1":{"start":{"line":8,"column":19},"end":{"line":8,"column":35}},"2":{"start":{"line":9,"column":21},"end":{"line":9,"column":41}},"3":{"start":{"line":11,"column":2},"end":{"line":36,"column":4}},"4":{"start":{"line":16,"column":23},"end":{"line":16,"column":55}},"5":{"start":{"line":20,"column":23},"end":{"line":20,"column":56}},"6":{"start":{"line":26,"column":10},"end":{"line":32,"column":12}},"7":{"start":{"line":41,"column":15},"end":{"line":47,"column":2}}},"fnMap":{"0":{"name":"(anonymous_0)","decl":{"start":{"line":7,"column":13},"end":{"line":7,"column":14}},"loc":{"start":{"line":7,"column":19},"end":{"line":37,"column":1}},"line":7},"1":{"name":"(anonymous_1)","decl":{"start":{"line":16,"column":17},"end":{"line":16,"column":18}},"loc":{"start":{"line":16,"column":23},"end":{"line":16,"column":55}},"line":16},"2":{"name":"(anonymous_2)","decl":{"start":{"line":20,"column":17},"end":{"line":20,"column":18}},"loc":{"start":{"line":20,"column":23},"end":{"line":20,"column":56}},"line":20},"3":{"name":"(anonymous_3)","decl":{"start":{"line":25,"column":17},"end":{"line":25,"column":18}},"loc":{"start":{"line":25,"column":23},"end":{"line":33,"column":9}},"line":25}},"branchMap":{},"s":{"0":2,"1":3,"2":3,"3":3,"4":0,"5":0,"6":1,"7":2},"f":{"0":3,"1":0,"2":0,"3":1},"b":{},"_coverageSchema":"1a1c01bbd47fc00a2c39e90264f33305004495a9","hash":"3139cb5c6a8ba0cff3d731cf4afc53ce36cfa10c"}
,"/Users/guvenkaranfil/Desktop/guvenkaranfil/TestingBoilerplate/app/tabs/menuEdit/MenuEditItem.tsx": {"path":"/Users/guvenkaranfil/Desktop/guvenkaranfil/TestingBoilerplate/app/tabs/menuEdit/MenuEditItem.tsx","statementMap":{"0":{"start":{"line":11,"column":17},"end":{"line":19,"column":1}},"1":{"start":{"line":12,"column":2},"end":{"line":18,"column":4}},"2":{"start":{"line":22,"column":2},"end":{"line":24,"column":3}},"3":{"start":{"line":23,"column":4},"end":{"line":23,"column":29}},"4":{"start":{"line":26,"column":19},"end":{"line":26,"column":35}},"5":{"start":{"line":27,"column":15},"end":{"line":29,"column":3}},"6":{"start":{"line":28,"column":4},"end":{"line":28,"column":58}},"7":{"start":{"line":28,"column":39},"end":{"line":28,"column":57}},"8":{"start":{"line":31,"column":22},"end":{"line":33,"column":3}},"9":{"start":{"line":32,"column":4},"end":{"line":32,"column":63}},"10":{"start":{"line":35,"column":2},"end":{"line":37,"column":3}},"11":{"start":{"line":36,"column":4},"end":{"line":36,"column":16}},"12":{"start":{"line":39,"column":2},"end":{"line":46,"column":4}},"13":{"start":{"line":49,"column":15},"end":{"line":70,"column":2}}},"fnMap":{"0":{"name":"(anonymous_0)","decl":{"start":{"line":11,"column":17},"end":{"line":11,"column":18}},"loc":{"start":{"line":11,"column":70},"end":{"line":19,"column":1}},"line":11},"1":{"name":"MenuEditItem","decl":{"start":{"line":21,"column":9},"end":{"line":21,"column":21}},"loc":{"start":{"line":21,"column":70},"end":{"line":47,"column":1}},"line":21},"2":{"name":"(anonymous_2)","decl":{"start":{"line":27,"column":30},"end":{"line":27,"column":31}},"loc":{"start":{"line":28,"column":4},"end":{"line":28,"column":58}},"line":28},"3":{"name":"(anonymous_3)","decl":{"start":{"line":28,"column":27},"end":{"line":28,"column":28}},"loc":{"start":{"line":28,"column":39},"end":{"line":28,"column":57}},"line":28},"4":{"name":"(anonymous_4)","decl":{"start":{"line":31,"column":22},"end":{"line":31,"column":23}},"loc":{"start":{"line":31,"column":28},"end":{"line":33,"column":3}},"line":31}},"branchMap":{"0":{"loc":{"start":{"line":14,"column":15},"end":{"line":14,"column":49}},"type":"cond-expr","locations":[{"start":{"line":14,"column":26},"end":{"line":14,"column":35}},{"start":{"line":14,"column":38},"end":{"line":14,"column":49}}],"line":14},"1":{"loc":{"start":{"line":16,"column":13},"end":{"line":16,"column":33}},"type":"cond-expr","locations":[{"start":{"line":16,"column":24},"end":{"line":16,"column":27}},{"start":{"line":16,"column":30},"end":{"line":16,"column":33}}],"line":16},"2":{"loc":{"start":{"line":22,"column":2},"end":{"line":24,"column":3}},"type":"if","locations":[{"start":{"line":22,"column":2},"end":{"line":24,"column":3}},{"start":{},"end":{}}],"line":22},"3":{"loc":{"start":{"line":35,"column":2},"end":{"line":37,"column":3}},"type":"if","locations":[{"start":{"line":35,"column":2},"end":{"line":37,"column":3}},{"start":{},"end":{}}],"line":35}},"s":{"0":3,"1":54,"2":62,"3":62,"4":62,"5":62,"6":190,"7":776,"8":62,"9":4,"10":62,"11":8,"12":54,"13":3},"f":{"0":54,"1":62,"2":190,"3":776,"4":4},"b":{"0":[40,14],"1":[40,14],"2":[62,0],"3":[8,54]},"_coverageSchema":"1a1c01bbd47fc00a2c39e90264f33305004495a9","hash":"30c423fa634e82c010e0f920288631c0a13cf31a"}
,"/Users/guvenkaranfil/Desktop/guvenkaranfil/TestingBoilerplate/app/tabs/menuEdit/helper.ts": {"path":"/Users/guvenkaranfil/Desktop/guvenkaranfil/TestingBoilerplate/app/tabs/menuEdit/helper.ts","statementMap":{"0":{"start":{"line":1,"column":29},"end":{"line":3,"column":1}},"1":{"start":{"line":2,"column":2},"end":{"line":2,"column":23}}},"fnMap":{"0":{"name":"(anonymous_0)","decl":{"start":{"line":1,"column":29},"end":{"line":1,"column":30}},"loc":{"start":{"line":1,"column":43},"end":{"line":3,"column":1}},"line":1}},"branchMap":{},"s":{"0":1,"1":0},"f":{"0":0},"b":{},"_coverageSchema":"1a1c01bbd47fc00a2c39e90264f33305004495a9","hash":"df1b174905c33884d44ee83aa6aa85cfe28f6cb0"}
,"/Users/guvenkaranfil/Desktop/guvenkaranfil/TestingBoilerplate/app/tabs/menuEdit/index.tsx": {"path":"/Users/guvenkaranfil/Desktop/guvenkaranfil/TestingBoilerplate/app/tabs/menuEdit/index.tsx","statementMap":{"0":{"start":{"line":23,"column":19},"end":{"line":23,"column":35}},"1":{"start":{"line":24,"column":22},"end":{"line":24,"column":78}},"2":{"start":{"line":24,"column":49},"end":{"line":24,"column":77}},"3":{"start":{"line":26,"column":2},"end":{"line":28,"column":30}},"4":{"start":{"line":27,"column":4},"end":{"line":27,"column":36}},"5":{"start":{"line":30,"column":2},"end":{"line":42,"column":3}},"6":{"start":{"line":31,"column":4},"end":{"line":41,"column":6}},"7":{"start":{"line":35,"column":10},"end":{"line":38,"column":12}},"8":{"start":{"line":44,"column":2},"end":{"line":44,"column":14}}},"fnMap":{"0":{"name":"MenuEdit","decl":{"start":{"line":19,"column":24},"end":{"line":19,"column":32}},"loc":{"start":{"line":22,"column":19},"end":{"line":45,"column":1}},"line":22},"1":{"name":"(anonymous_1)","decl":{"start":{"line":24,"column":39},"end":{"line":24,"column":40}},"loc":{"start":{"line":24,"column":49},"end":{"line":24,"column":77}},"line":24},"2":{"name":"(anonymous_2)","decl":{"start":{"line":26,"column":12},"end":{"line":26,"column":13}},"loc":{"start":{"line":26,"column":18},"end":{"line":28,"column":3}},"line":26},"3":{"name":"(anonymous_3)","decl":{"start":{"line":34,"column":20},"end":{"line":34,"column":21}},"loc":{"start":{"line":35,"column":10},"end":{"line":38,"column":12}},"line":35}},"branchMap":{"0":{"loc":{"start":{"line":20,"column":2},"end":{"line":20,"column":25}},"type":"default-arg","locations":[{"start":{"line":20,"column":10},"end":{"line":20,"column":25}}],"line":20},"1":{"loc":{"start":{"line":30,"column":2},"end":{"line":42,"column":3}},"type":"if","locations":[{"start":{"line":30,"column":2},"end":{"line":42,"column":3}},{"start":{},"end":{}}],"line":30},"2":{"loc":{"start":{"line":30,"column":6},"end":{"line":30,"column":43}},"type":"binary-expr","locations":[{"start":{"line":30,"column":6},"end":{"line":30,"column":17}},{"start":{"line":30,"column":21},"end":{"line":30,"column":43}}],"line":30}},"s":{"0":6,"1":6,"2":96,"3":6,"4":6,"5":6,"6":6,"7":48,"8":0},"f":{"0":6,"1":96,"2":6,"3":48},"b":{"0":[0],"1":[6,0],"2":[6,6]},"_coverageSchema":"1a1c01bbd47fc00a2c39e90264f33305004495a9","hash":"21b2ff94e0aa7cc4bee20a7506f5a73693085d20"}
,"/Users/guvenkaranfil/Desktop/guvenkaranfil/TestingBoilerplate/app/tabs/phoneBook/PhoneBookList.tsx": {"path":"/Users/guvenkaranfil/Desktop/guvenkaranfil/TestingBoilerplate/app/tabs/phoneBook/PhoneBookList.tsx","statementMap":{"0":{"start":{"line":23,"column":22},"end":{"line":73,"column":1}},"1":{"start":{"line":30,"column":26},"end":{"line":30,"column":38}},"2":{"start":{"line":31,"column":34},"end":{"line":31,"column":48}},"3":{"start":{"line":33,"column":2},"end":{"line":35,"column":13}},"4":{"start":{"line":34,"column":4},"end":{"line":34,"column":22}},"5":{"start":{"line":37,"column":24},"end":{"line":41,"column":3}},"6":{"start":{"line":38,"column":4},"end":{"line":38,"column":18}},"7":{"start":{"line":39,"column":25},"end":{"line":39,"column":71}},"8":{"start":{"line":39,"column":46},"end":{"line":39,"column":70}},"9":{"start":{"line":40,"column":4},"end":{"line":40,"column":30}},"10":{"start":{"line":43,"column":2},"end":{"line":72,"column":4}},"11":{"start":{"line":60,"column":12},"end":{"line":63,"column":19}}},"fnMap":{"0":{"name":"(anonymous_0)","decl":{"start":{"line":23,"column":22},"end":{"line":23,"column":23}},"loc":{"start":{"line":29,"column":22},"end":{"line":73,"column":1}},"line":29},"1":{"name":"(anonymous_1)","decl":{"start":{"line":33,"column":12},"end":{"line":33,"column":13}},"loc":{"start":{"line":33,"column":18},"end":{"line":35,"column":3}},"line":33},"2":{"name":"(anonymous_2)","decl":{"start":{"line":37,"column":24},"end":{"line":37,"column":25}},"loc":{"start":{"line":37,"column":42},"end":{"line":41,"column":3}},"line":37},"3":{"name":"(anonymous_3)","decl":{"start":{"line":39,"column":38},"end":{"line":39,"column":39}},"loc":{"start":{"line":39,"column":46},"end":{"line":39,"column":70}},"line":39},"4":{"name":"(anonymous_4)","decl":{"start":{"line":59,"column":22},"end":{"line":59,"column":23}},"loc":{"start":{"line":60,"column":12},"end":{"line":63,"column":19}},"line":60}},"branchMap":{"0":{"loc":{"start":{"line":24,"column":2},"end":{"line":24,"column":19}},"type":"default-arg","locations":[{"start":{"line":24,"column":14},"end":{"line":24,"column":19}}],"line":24},"1":{"loc":{"start":{"line":25,"column":2},"end":{"line":25,"column":20}},"type":"default-arg","locations":[{"start":{"line":25,"column":15},"end":{"line":25,"column":20}}],"line":25},"2":{"loc":{"start":{"line":50,"column":7},"end":{"line":50,"column":57}},"type":"binary-expr","locations":[{"start":{"line":50,"column":7},"end":{"line":50,"column":16}},{"start":{"line":50,"column":20},"end":{"line":50,"column":57}}],"line":50},"3":{"loc":{"start":{"line":51,"column":7},"end":{"line":51,"column":74}},"type":"binary-expr","locations":[{"start":{"line":51,"column":8},"end":{"line":51,"column":13}},{"start":{"line":51,"column":17},"end":{"line":51,"column":35}},{"start":{"line":51,"column":40},"end":{"line":51,"column":50}},{"start":{"line":51,"column":54},"end":{"line":51,"column":74}}],"line":51},"4":{"loc":{"start":{"line":52,"column":7},"end":{"line":70,"column":7}},"type":"binary-expr","locations":[{"start":{"line":52,"column":7},"end":{"line":52,"column":17}},{"start":{"line":53,"column":8},"end":{"line":69,"column":10}}],"line":52},"5":{"loc":{"start":{"line":67,"column":12},"end":{"line":67,"column":71}},"type":"cond-expr","locations":[{"start":{"line":67,"column":25},"end":{"line":67,"column":64}},{"start":{"line":67,"column":67},"end":{"line":67,"column":71}}],"line":67}},"s":{"0":4,"1":95,"2":95,"3":95,"4":25,"5":95,"6":52,"7":52,"8":24,"9":52,"10":95,"11":68},"f":{"0":95,"1":25,"2":52,"3":24,"4":68},"b":{"0":[50],"1":[87],"2":[95,9],"3":[95,40,59,53],"4":[95,86],"5":[2,84]},"_coverageSchema":"1a1c01bbd47fc00a2c39e90264f33305004495a9","hash":"fe21725a264325498ead7a40950b40056b66ab6b"}
,"/Users/guvenkaranfil/Desktop/guvenkaranfil/TestingBoilerplate/app/tabs/phoneBook/index.tsx": {"path":"/Users/guvenkaranfil/Desktop/guvenkaranfil/TestingBoilerplate/app/tabs/phoneBook/index.tsx","statementMap":{"0":{"start":{"line":6,"column":26},"end":{"line":6,"column":65}},"1":{"start":{"line":7,"column":36},"end":{"line":7,"column":50}},"2":{"start":{"line":9,"column":2},"end":{"line":23,"column":9}},"3":{"start":{"line":10,"column":29},"end":{"line":20,"column":5}},"4":{"start":{"line":11,"column":6},"end":{"line":11,"column":25}},"5":{"start":{"line":12,"column":6},"end":{"line":19,"column":11}},"6":{"start":{"line":14,"column":10},"end":{"line":14,"column":34}},"7":{"start":{"line":18,"column":10},"end":{"line":18,"column":30}},"8":{"start":{"line":22,"column":4},"end":{"line":22,"column":23}},"9":{"start":{"line":25,"column":2},"end":{"line":25,"column":61}}},"fnMap":{"0":{"name":"PhoneBook","decl":{"start":{"line":5,"column":24},"end":{"line":5,"column":33}},"loc":{"start":{"line":5,"column":36},"end":{"line":26,"column":1}},"line":5},"1":{"name":"(anonymous_1)","decl":{"start":{"line":9,"column":12},"end":{"line":9,"column":13}},"loc":{"start":{"line":9,"column":18},"end":{"line":23,"column":3}},"line":9},"2":{"name":"(anonymous_2)","decl":{"start":{"line":10,"column":29},"end":{"line":10,"column":30}},"loc":{"start":{"line":10,"column":35},"end":{"line":20,"column":5}},"line":10},"3":{"name":"(anonymous_3)","decl":{"start":{"line":13,"column":14},"end":{"line":13,"column":15}},"loc":{"start":{"line":13,"column":26},"end":{"line":15,"column":9}},"line":13},"4":{"name":"(anonymous_4)","decl":{"start":{"line":16,"column":15},"end":{"line":16,"column":16}},"loc":{"start":{"line":16,"column":21},"end":{"line":16,"column":23}},"line":16},"5":{"name":"(anonymous_5)","decl":{"start":{"line":17,"column":17},"end":{"line":17,"column":18}},"loc":{"start":{"line":17,"column":23},"end":{"line":19,"column":9}},"line":17}},"branchMap":{},"s":{"0":5,"1":5,"2":5,"3":2,"4":2,"5":2,"6":1,"7":2,"8":2,"9":5},"f":{"0":5,"1":2,"2":2,"3":1,"4":1,"5":2},"b":{},"_coverageSchema":"1a1c01bbd47fc00a2c39e90264f33305004495a9","hash":"cc715fe33f1555e7e39e2220b04996452f53a607"}
,"/Users/guvenkaranfil/Desktop/guvenkaranfil/TestingBoilerplate/app/tabs/todos/index.tsx": {"path":"/Users/guvenkaranfil/Desktop/guvenkaranfil/TestingBoilerplate/app/tabs/todos/index.tsx","statementMap":{"0":{"start":{"line":6,"column":28},"end":{"line":6,"column":53}},"1":{"start":{"line":8,"column":2},"end":{"line":17,"column":9}},"2":{"start":{"line":9,"column":23},"end":{"line":14,"column":5}},"3":{"start":{"line":10,"column":20},"end":{"line":10,"column":36}},"4":{"start":{"line":11,"column":6},"end":{"line":13,"column":7}},"5":{"start":{"line":12,"column":8},"end":{"line":12,"column":26}},"6":{"start":{"line":16,"column":4},"end":{"line":16,"column":17}},"7":{"start":{"line":19,"column":2},"end":{"line":31,"column":4}},"8":{"start":{"line":23,"column":8},"end":{"line":28,"column":20}},"9":{"start":{"line":25,"column":12},"end":{"line":25,"column":28}}},"fnMap":{"0":{"name":"TodoList","decl":{"start":{"line":5,"column":24},"end":{"line":5,"column":32}},"loc":{"start":{"line":5,"column":35},"end":{"line":32,"column":1}},"line":5},"1":{"name":"(anonymous_1)","decl":{"start":{"line":8,"column":12},"end":{"line":8,"column":13}},"loc":{"start":{"line":8,"column":18},"end":{"line":17,"column":3}},"line":8},"2":{"name":"(anonymous_2)","decl":{"start":{"line":9,"column":23},"end":{"line":9,"column":24}},"loc":{"start":{"line":9,"column":35},"end":{"line":14,"column":5}},"line":9},"3":{"name":"(anonymous_3)","decl":{"start":{"line":22,"column":18},"end":{"line":22,"column":19}},"loc":{"start":{"line":23,"column":8},"end":{"line":28,"column":20}},"line":23},"4":{"name":"(anonymous_4)","decl":{"start":{"line":24,"column":19},"end":{"line":24,"column":20}},"loc":{"start":{"line":24,"column":25},"end":{"line":26,"column":11}},"line":24}},"branchMap":{"0":{"loc":{"start":{"line":11,"column":6},"end":{"line":13,"column":7}},"type":"if","locations":[{"start":{"line":11,"column":6},"end":{"line":13,"column":7}},{"start":{},"end":{}}],"line":11}},"s":{"0":2,"1":2,"2":1,"3":1,"4":1,"5":1,"6":1,"7":2,"8":1,"9":1},"f":{"0":2,"1":1,"2":1,"3":1,"4":1},"b":{"0":[1,0]},"_coverageSchema":"1a1c01bbd47fc00a2c39e90264f33305004495a9","hash":"d47e5b11b538947a86c678cc4e47bcf3dd4ae7c8"}
,"/Users/guvenkaranfil/Desktop/guvenkaranfil/TestingBoilerplate/app/tabs/todos/service.ts": {"path":"/Users/guvenkaranfil/Desktop/guvenkaranfil/TestingBoilerplate/app/tabs/todos/service.ts","statementMap":{"0":{"start":{"line":8,"column":24},"end":{"line":15,"column":1}},"1":{"start":{"line":9,"column":2},"end":{"line":14,"column":5}},"2":{"start":{"line":10,"column":4},"end":{"line":13,"column":37}},"3":{"start":{"line":11,"column":24},"end":{"line":11,"column":39}},"4":{"start":{"line":12,"column":20},"end":{"line":12,"column":33}},"5":{"start":{"line":13,"column":22},"end":{"line":13,"column":35}},"6":{"start":{"line":17,"column":25},"end":{"line":21,"column":1}},"7":{"start":{"line":18,"column":2},"end":{"line":18,"column":38}},"8":{"start":{"line":20,"column":2},"end":{"line":20,"column":14}}},"fnMap":{"0":{"name":"(anonymous_0)","decl":{"start":{"line":8,"column":24},"end":{"line":8,"column":25}},"loc":{"start":{"line":8,"column":68},"end":{"line":15,"column":1}},"line":8},"1":{"name":"(anonymous_1)","decl":{"start":{"line":9,"column":21},"end":{"line":9,"column":22}},"loc":{"start":{"line":9,"column":42},"end":{"line":14,"column":3}},"line":9},"2":{"name":"(anonymous_2)","decl":{"start":{"line":11,"column":12},"end":{"line":11,"column":13}},"loc":{"start":{"line":11,"column":24},"end":{"line":11,"column":39}},"line":11},"3":{"name":"(anonymous_3)","decl":{"start":{"line":12,"column":12},"end":{"line":12,"column":13}},"loc":{"start":{"line":12,"column":20},"end":{"line":12,"column":33}},"line":12},"4":{"name":"(anonymous_4)","decl":{"start":{"line":13,"column":13},"end":{"line":13,"column":14}},"loc":{"start":{"line":13,"column":22},"end":{"line":13,"column":35}},"line":13},"5":{"name":"(anonymous_5)","decl":{"start":{"line":17,"column":25},"end":{"line":17,"column":26}},"loc":{"start":{"line":17,"column":46},"end":{"line":21,"column":1}},"line":17}},"branchMap":{},"s":{"0":1,"1":0,"2":0,"3":0,"4":0,"5":0,"6":1,"7":0,"8":0},"f":{"0":0,"1":0,"2":0,"3":0,"4":0,"5":0},"b":{},"_coverageSchema":"1a1c01bbd47fc00a2c39e90264f33305004495a9","hash":"6e542a841ee2b3adf403098780b1138e7ec01a16"}
}
